SYSTEM STARTUP...
[15:33:01] 游닌 RECEIVED: Say hello to the world
[15:33:01] 游닋 RESULT: 游뱄 I am simply printing: Say hello to the world
[15:33:11] 游닌 RECEIVED: Say hello to the world
[15:33:12] 游닋 RESULT: 游뱄 I am simply printing: Say hello to the world
[15:33:22] 游닌 RECEIVED: List files in current directory
[15:33:22] 游닋 RESULT: 游늭 Files here: ['brain', 'start.py']
[15:33:32] 游닌 RECEIVED: Check system disk space
[15:33:32] 游닋 RESULT: 游 Disk Free: 67 GB
[15:33:42] 游닌 RECEIVED: Say hello to the world
[15:33:42] 游닋 RESULT: 游뱄 I am simply printing: Say hello to the world
[15:33:52] 游닌 RECEIVED: List files in current directory
[15:33:52] 游닋 RESULT: 游늭 Files here: ['brain', 'start.py']
[15:34:02] 游닌 RECEIVED: Check system disk space
[15:34:02] 游닋 RESULT: 游 Disk Free: 67 GB
[15:34:12] 游닌 RECEIVED: List files in current directory
[15:34:12] 游닋 RESULT: 游늭 Files here: ['brain', 'start.py']
[15:34:22] 游닌 RECEIVED: Say hello to the world
[15:34:22] 游닋 RESULT: 游뱄 I am simply printing: Say hello to the world
[15:34:32] 游닌 RECEIVED: Check system disk space
[15:34:32] 游닋 RESULT: 游 Disk Free: 67 GB
[15:34:42] 游닌 RECEIVED: Check memory usage
[15:34:42] 游닋 RESULT: 游 checking memory... (simulation)
[15:34:52] 游닌 RECEIVED: List files in current directory
[15:34:52] 游닋 RESULT: 游늭 Files here: ['brain', 'start.py']
[15:35:02] 游닌 RECEIVED: Check system disk space
[15:35:02] 游닋 RESULT: 游 Disk Free: 67 GB
[15:35:12] 游닌 RECEIVED: Say hello to the world
[15:35:12] 游닋 RESULT: 游뱄 I am simply printing: Say hello to the world
[15:35:22] 游닌 RECEIVED: Check system disk space
[15:35:22] 游닋 RESULT: 游 Disk Free: 67 GB
[15:35:32] 游닌 RECEIVED: Check memory usage
[15:35:32] 游닋 RESULT: 游 checking memory... (simulation)
[15:35:42] 游닌 RECEIVED: List files in current directory
[15:35:42] 游닋 RESULT: 游늭 Files here: ['brain', 'start.py']
[15:35:52] 游닌 RECEIVED: Say hello to the world
[15:35:53] 游닋 RESULT: 游뱄 I am simply printing: Say hello to the world
[15:36:03] 游닌 RECEIVED: Check memory usage
[15:36:03] 游닋 RESULT: 游 checking memory... (simulation)
[15:36:13] 游닌 RECEIVED: Check memory usage
[15:36:13] 游닋 RESULT: 游 checking memory... (simulation)
[15:36:23] 游닌 RECEIVED: Say hello to the world
[15:36:23] 游닋 RESULT: 游뱄 I am simply printing: Say hello to the world
[15:36:33] 游닌 RECEIVED: List files in current directory
[15:36:33] 游닋 RESULT: 游늭 Files here: ['brain', 'start.py']
[15:36:43] 游닌 RECEIVED: Check memory usage
[15:36:43] 游닋 RESULT: 游 checking memory... (simulation)
[15:36:53] 游닌 RECEIVED: List files in current directory
[15:36:53] 游닋 RESULT: 游늭 Files here: ['brain', 'start.py']
[15:37:03] 游닌 RECEIVED: Check system disk space
[15:37:03] 游닋 RESULT: 游 Disk Free: 67 GB
[15:37:13] 游닌 RECEIVED: Check system disk space
[15:37:13] 游닋 RESULT: 游 Disk Free: 67 GB
[15:37:23] 游닌 RECEIVED: List files in current directory
[15:37:23] 游닋 RESULT: 游늭 Files here: ['brain', 'start.py']
[15:37:33] 游닌 RECEIVED: Check system disk space
[15:37:33] 游닋 RESULT: 游 Disk Free: 67 GB
[15:37:43] 游닌 RECEIVED: Check memory usage
[15:37:43] 游닋 RESULT: 游 checking memory... (simulation)
[15:37:53] 游닌 RECEIVED: Check memory usage
[15:37:53] 游닋 RESULT: 游 checking memory... (simulation)
[15:38:03] 游닌 RECEIVED: List files in current directory
[15:38:03] 游닋 RESULT: 游늭 Files here: ['brain', 'start.py']
[15:38:13] 游닌 RECEIVED: Say hello to the world
[15:38:13] 游닋 RESULT: 游뱄 I am simply printing: Say hello to the world
[15:38:23] 游닌 RECEIVED: Check memory usage
[15:38:23] 游닋 RESULT: 游 checking memory... (simulation)
[15:38:33] 游닌 RECEIVED: Check system disk space
[15:38:34] 游닋 RESULT: 游 Disk Free: 67 GB
[15:38:44] 游닌 RECEIVED: Check memory usage
[15:38:44] 游닋 RESULT: 游 checking memory... (simulation)
[15:38:54] 游닌 RECEIVED: Check memory usage
[15:38:54] 游닋 RESULT: 游 checking memory... (simulation)
[15:39:04] 游닌 RECEIVED: Say hello to the world
[15:39:04] 游닋 RESULT: 游뱄 I am simply printing: Say hello to the world
[15:39:14] 游닌 RECEIVED: Check memory usage
[15:39:14] 游닋 RESULT: 游 checking memory... (simulation)
[15:39:24] 游닌 RECEIVED: List files in current directory
[15:39:24] 游닋 RESULT: 游늭 Files here: ['brain', 'start.py']
[15:39:34] 游닌 RECEIVED: Say hello to the world
[15:39:34] 游닋 RESULT: 游뱄 I am simply printing: Say hello to the world
[18:26:46] 游닌 RECEIVED: List files in current directory
[18:26:46] 游닋 RESULT: Error: expected str, bytes or os.PathLike object, not NoneType
[18:26:56] 游닌 RECEIVED: Say hello to the world
[18:26:56] 游닋 RESULT: Error: expected str, bytes or os.PathLike object, not NoneType
[18:27:06] 游닌 RECEIVED: List files in current directory
[18:27:06] 游닋 RESULT: Error: expected str, bytes or os.PathLike object, not NoneType
[18:27:16] 游닌 RECEIVED: List files in current directory
[18:27:16] 游닋 RESULT: Error: expected str, bytes or os.PathLike object, not NoneType
[18:27:26] 游닌 RECEIVED: List files in current directory
[18:27:26] 游닋 RESULT: Error: expected str, bytes or os.PathLike object, not NoneType
[18:27:36] 游닌 RECEIVED: Check system disk space
[18:27:36] 游닋 RESULT: Error: expected str, bytes or os.PathLike object, not NoneType
[18:27:46] 游닌 RECEIVED: Check memory usage
[18:27:46] 游닋 RESULT: Error: expected str, bytes or os.PathLike object, not NoneType
[18:27:56] 游닌 RECEIVED: List files in current directory
[18:27:56] 游닋 RESULT: Error: expected str, bytes or os.PathLike object, not NoneType
[18:28:06] 游닌 RECEIVED: List files in current directory
[18:28:06] 游닋 RESULT: Error: expected str, bytes or os.PathLike object, not NoneType
[18:28:16] 游닌 RECEIVED: Check memory usage
[18:28:16] 游닋 RESULT: Error: expected str, bytes or os.PathLike object, not NoneType
[18:28:26] 游닌 RECEIVED: Check memory usage
[18:28:26] 游닋 RESULT: Done (No Output)
[18:28:36] 游닌 RECEIVED: Check system disk space
[18:28:36] 游닋 RESULT: I tried to write code, but my local brain is not responding.
[18:28:46] 游닌 RECEIVED: Say hello to the world
[18:28:46] 游닋 RESULT: I tried to write code, but my local brain is not responding.
[18:28:56] 游닌 RECEIVED: Check system disk space
[18:28:56] 游닋 RESULT: I tried to write code, but my local brain is not responding.
[18:29:06] 游닌 RECEIVED: Check memory usage
[18:29:06] 游닋 RESULT: Done (No Output)
[18:29:16] 游닌 RECEIVED: Check memory usage
[18:29:16] 游닋 RESULT: Done (No Output)
[18:29:26] 游닌 RECEIVED: Check system disk space
[18:29:26] 游닋 RESULT: I tried to write code, but my local brain is not responding.
[18:29:36] 游닌 RECEIVED: Check memory usage
[18:29:36] 游닋 RESULT: Done (No Output)
[18:29:46] 游닌 RECEIVED: Check system disk space
[18:29:46] 游닋 RESULT: I tried to write code, but my local brain is not responding.
[18:29:56] 游닌 RECEIVED: Check memory usage
[18:29:56] 游닋 RESULT: Done (No Output)
[18:30:06] 游닌 RECEIVED: Say hello to the world
[18:30:06] 游닋 RESULT: I tried to write code, but my local brain is not responding.
[18:30:16] 游닌 RECEIVED: Check system disk space
[18:30:16] 游닋 RESULT: I tried to write code, but my local brain is not responding.
[18:30:26] 游닌 RECEIVED: Check system disk space
[18:30:26] 游닋 RESULT: I tried to write code, but my local brain is not responding.
[18:30:36] 游닌 RECEIVED: Check system disk space
[18:30:36] 游닋 RESULT: I tried to write code, but my local brain is not responding.
[18:30:46] 游닌 RECEIVED: List files in current directory
[18:30:46] 游닋 RESULT: I tried to write code, but my local brain is not responding.
[18:30:56] 游닌 RECEIVED: Check memory usage
[18:30:56] 游닋 RESULT: Done (No Output)
[18:31:06] 游닌 RECEIVED: Check system disk space
[18:31:06] 游닋 RESULT: I tried to write code, but my local brain is not responding.
[18:31:16] 游닌 RECEIVED: Check memory usage
[18:31:17] 游닋 RESULT: Done (No Output)
[18:31:27] 游닌 RECEIVED: Check system disk space
[18:31:27] 游닋 RESULT: I tried to write code, but my local brain is not responding.
[18:31:37] 游닌 RECEIVED: Check system disk space
[18:31:37] 游닋 RESULT: I tried to write code, but my local brain is not responding.
[18:31:47] 游닌 RECEIVED: Check system disk space
[18:31:47] 游닋 RESULT: I tried to write code, but my local brain is not responding.
[18:31:57] 游닌 RECEIVED: List files in current directory
[18:31:57] 游닋 RESULT: I tried to write code, but my local brain is not responding.
[18:32:07] 游닌 RECEIVED: Check memory usage
[18:32:07] 游닋 RESULT: Done (No Output)
[18:32:17] 游닌 RECEIVED: List files in current directory
[18:32:17] 游닋 RESULT: I tried to write code, but my local brain is not responding.
[18:32:27] 游닌 RECEIVED: Say hello to the world
[18:32:27] 游닋 RESULT: I tried to write code, but my local brain is not responding.
[18:32:37] 游닌 RECEIVED: List files in current directory
[18:32:37] 游닋 RESULT: I tried to write code, but my local brain is not responding.
[18:32:47] 游닌 RECEIVED: List files in current directory
[18:32:47] 游닋 RESULT: I tried to write code, but my local brain is not responding.
[18:32:57] 游닌 RECEIVED: Say hello to the world
[18:32:57] 游닋 RESULT: I tried to write code, but my local brain is not responding.
[18:33:07] 游닌 RECEIVED: Check memory usage
[18:33:07] 游닋 RESULT: Done (No Output)
[18:37:47] 游닌 RECEIVED: Check system disk space
[18:37:47] 游닋 RESULT: Disk -> total: 179.73GB, used: 108.74GB, free: 61.79GB
[18:37:57] 游닌 RECEIVED: Say hello to the world
[18:37:57] 游닋 RESULT: Hello! I am Dream AI. How can I assist you?
[18:38:07] 游닌 RECEIVED: List files in current directory
[18:38:07] 游닋 RESULT: .git
.venv
brain
start.py
templates
[18:38:17] 游닌 RECEIVED: Check memory usage
[18:38:17] 游닋 RESULT: MemTotal:       16060684 kB
MemFree:         2788116 kB
[18:38:27] 游닌 RECEIVED: Check memory usage
[18:38:27] 游닋 RESULT: MemTotal:       16060684 kB
MemFree:         2810200 kB
[18:38:37] 游닌 RECEIVED: Say hello to the world
[18:38:37] 游닋 RESULT: Hello! I am Dream AI. How can I assist you?
[18:38:47] 游닌 RECEIVED: Check memory usage
[18:38:47] 游닋 RESULT: MemTotal:       16060684 kB
MemFree:         2862056 kB
[18:38:57] 游닌 RECEIVED: Check memory usage
[18:38:57] 游닋 RESULT: MemTotal:       16060684 kB
MemFree:         2886368 kB
[18:39:07] 游닌 RECEIVED: Check memory usage
[18:39:07] 游닋 RESULT: MemTotal:       16060684 kB
MemFree:         2858204 kB
[18:39:17] 游닌 RECEIVED: Check system disk space
[18:39:17] 游닋 RESULT: Disk -> total: 179.73GB, used: 108.74GB, free: 61.79GB
[18:39:27] 游닌 RECEIVED: List files in current directory
[18:39:27] 游닋 RESULT: .git
.venv
brain
start.py
templates
[18:39:37] 游닌 RECEIVED: List files in current directory
[18:39:37] 游닋 RESULT: .git
.venv
brain
start.py
templates
[18:39:47] 游닌 RECEIVED: Check system disk space
[18:39:47] 游닋 RESULT: Disk -> total: 179.73GB, used: 108.74GB, free: 61.79GB
[18:39:57] 游닌 RECEIVED: Say hello to the world
[18:39:57] 游닋 RESULT: Hello! I am Dream AI. How can I assist you?
[18:40:07] 游닌 RECEIVED: Say hello to the world
[18:40:07] 游닋 RESULT: Hello! I am Dream AI. How can I assist you?
[18:40:17] 游닌 RECEIVED: List files in current directory
[18:40:17] 游닋 RESULT: .git
.venv
brain
start.py
templates
[18:40:27] 游닌 RECEIVED: Say hello to the world
[18:40:27] 游닋 RESULT: Hello! I am Dream AI. How can I assist you?
[18:40:37] 游닌 RECEIVED: List files in current directory
[18:40:38] 游닋 RESULT: .git
.venv
brain
start.py
templates
[18:40:48] 游닌 RECEIVED: List files in current directory
[18:40:48] 游닋 RESULT: .git
.venv
brain
start.py
templates
[18:40:58] 游닌 RECEIVED: Check memory usage
[18:40:58] 游닋 RESULT: MemTotal:       16060684 kB
MemFree:         3106616 kB
[18:41:08] 游닌 RECEIVED: Check system disk space
[18:41:08] 游닋 RESULT: Disk -> total: 179.73GB, used: 108.72GB, free: 61.82GB
[18:41:18] 游닌 RECEIVED: Say hello to the world
[18:41:18] 游닋 RESULT: Hello! I am Dream AI. How can I assist you?
[18:41:28] 游닌 RECEIVED: Check system disk space
[18:41:28] 游닋 RESULT: Disk -> total: 179.73GB, used: 108.72GB, free: 61.82GB
[18:41:38] 游닌 RECEIVED: List files in current directory
[18:41:38] 游닋 RESULT: .git
.venv
brain
start.py
templates
[18:41:48] 游닌 RECEIVED: List files in current directory
[18:41:48] 游닋 RESULT: .git
.venv
brain
start.py
templates
[18:41:58] 游닌 RECEIVED: Say hello to the world
[18:41:58] 游닋 RESULT: Hello! I am Dream AI. How can I assist you?
[18:42:08] 游닌 RECEIVED: Check memory usage
[18:42:08] 游닋 RESULT: MemTotal:       16060684 kB
MemFree:         3046256 kB
[18:42:18] 游닌 RECEIVED: Say hello to the world
[18:42:18] 游닋 RESULT: Hello! I am Dream AI. How can I assist you?
[18:42:28] 游닌 RECEIVED: Check memory usage
[18:42:28] 游닋 RESULT: MemTotal:       16060684 kB
MemFree:         2783932 kB
[18:42:38] 游닌 RECEIVED: Check memory usage
[18:42:38] 游닋 RESULT: MemTotal:       16060684 kB
MemFree:         2853208 kB
[18:42:48] 游닌 RECEIVED: Check memory usage
[18:42:48] 游닋 RESULT: MemTotal:       16060684 kB
MemFree:         2869436 kB
[18:42:58] 游닌 RECEIVED: Check memory usage
[18:42:58] 游닋 RESULT: MemTotal:       16060684 kB
MemFree:         2819876 kB
[18:43:08] 游닌 RECEIVED: Say hello to the world
[18:43:08] 游닋 RESULT: Hello! I am Dream AI. How can I assist you?
[18:43:18] 游닌 RECEIVED: Check system disk space
[18:43:18] 游닋 RESULT: Disk -> total: 179.73GB, used: 108.72GB, free: 61.82GB
[18:43:28] 游닌 RECEIVED: Check memory usage
[18:43:28] 游닋 RESULT: MemTotal:       16060684 kB
MemFree:         2860488 kB
[18:43:38] 游닌 RECEIVED: Say hello to the world
[18:43:38] 游닋 RESULT: Hello! I am Dream AI. How can I assist you?
[18:43:48] 游닌 RECEIVED: Check system disk space
[18:43:48] 游닋 RESULT: Disk -> total: 179.73GB, used: 108.72GB, free: 61.82GB
[18:43:58] 游닌 RECEIVED: Check memory usage
[18:43:58] 游닋 RESULT: MemTotal:       16060684 kB
MemFree:         3057224 kB
[18:44:08] 游닌 RECEIVED: Check system disk space
[18:44:08] 游닋 RESULT: Disk -> total: 179.73GB, used: 108.72GB, free: 61.82GB
[18:44:18] 游닌 RECEIVED: Check system disk space
[18:44:18] 游닋 RESULT: Disk -> total: 179.73GB, used: 108.72GB, free: 61.82GB
[18:44:28] 游닌 RECEIVED: List files in current directory
[18:44:28] 游닋 RESULT: .git
.venv
brain
start.py
templates
[18:44:38] 游닌 RECEIVED: Check memory usage
[18:44:38] 游닋 RESULT: MemTotal:       16060684 kB
MemFree:         3125368 kB
[18:44:48] 游닌 RECEIVED: Say hello to the world
[18:44:48] 游닋 RESULT: Hello! I am Dream AI. How can I assist you?
[18:44:58] 游닌 RECEIVED: List files in current directory
[18:44:58] 游닋 RESULT: .git
.venv
brain
start.py
templates
[18:45:08] 游닌 RECEIVED: Say hello to the world
[18:45:09] 游닋 RESULT: Hello! I am Dream AI. How can I assist you?
[18:45:19] 游닌 RECEIVED: List files in current directory
[18:45:19] 游닋 RESULT: .git
.venv
brain
start.py
templates
[18:45:29] 游닌 RECEIVED: Say hello to the world
[18:45:29] 游닋 RESULT: Hello! I am Dream AI. How can I assist you?
[18:45:39] 游닌 RECEIVED: List files in current directory
[18:45:39] 游닋 RESULT: .git
.venv
brain
start.py
templates
[18:45:49] 游닌 RECEIVED: List files in current directory
[18:45:49] 游닋 RESULT: .git
.venv
brain
start.py
templates
[18:45:59] 游닌 RECEIVED: Check system disk space
[18:45:59] 游닋 RESULT: Disk -> total: 179.73GB, used: 108.72GB, free: 61.82GB
[18:46:09] 游닌 RECEIVED: List files in current directory
[18:46:09] 游닋 RESULT: .git
.venv
brain
start.py
templates
[18:46:19] 游닌 RECEIVED: Check memory usage
[18:46:19] 游닋 RESULT: MemTotal:       16060684 kB
MemFree:         3249148 kB
[18:46:29] 游닌 RECEIVED: Check system disk space
[18:46:29] 游닋 RESULT: Disk -> total: 179.73GB, used: 108.72GB, free: 61.82GB
[18:46:39] 游닌 RECEIVED: Check memory usage
[18:46:39] 游닋 RESULT: MemTotal:       16060684 kB
MemFree:         3263536 kB
[18:46:49] 游닌 RECEIVED: Check memory usage
[18:46:49] 游닋 RESULT: MemTotal:       16060684 kB
MemFree:         3275956 kB
[18:46:59] 游닌 RECEIVED: List files in current directory
[18:46:59] 游닋 RESULT: .git
.venv
brain
start.py
templates
[18:47:09] 游닌 RECEIVED: Check memory usage
[18:47:09] 游닋 RESULT: MemTotal:       16060684 kB
MemFree:         3044372 kB
[18:47:19] 游닌 RECEIVED: Check memory usage
[18:47:19] 游닋 RESULT: MemTotal:       16060684 kB
MemFree:         2943108 kB
[18:47:29] 游닌 RECEIVED: Check memory usage
[18:47:29] 游닋 RESULT: MemTotal:       16060684 kB
MemFree:         3039732 kB
[18:47:39] 游닌 RECEIVED: Check memory usage
[18:47:39] 游닋 RESULT: MemTotal:       16060684 kB
MemFree:         3101348 kB
[18:47:49] 游닌 RECEIVED: List files in current directory
[18:47:49] 游닋 RESULT: .git
.venv
brain
start.py
templates
[18:47:59] 游닌 RECEIVED: Check system disk space
[18:47:59] 游닋 RESULT: Disk -> total: 179.73GB, used: 108.72GB, free: 61.82GB
[18:48:09] 游닌 RECEIVED: Check memory usage
[18:48:09] 游닋 RESULT: MemTotal:       16060684 kB
MemFree:         3101464 kB
[18:48:19] 游닌 RECEIVED: List files in current directory
[18:48:19] 游닋 RESULT: .git
.venv
brain
start.py
templates
[18:48:29] 游닌 RECEIVED: Say hello to the world
[18:48:29] 游닋 RESULT: Hello! I am Dream AI. How can I assist you?
[18:48:39] 游닌 RECEIVED: Say hello to the world
[18:48:39] 游닋 RESULT: Hello! I am Dream AI. How can I assist you?
[18:48:49] 游닌 RECEIVED: Say hello to the world
[18:48:49] 游닋 RESULT: Hello! I am Dream AI. How can I assist you?
[18:48:59] 游닌 RECEIVED: Check memory usage
[18:48:59] 游닋 RESULT: MemTotal:       16060684 kB
MemFree:         2985036 kB
[18:49:09] 游닌 RECEIVED: Say hello to the world
[18:49:09] 游닋 RESULT: Hello! I am Dream AI. How can I assist you?
[18:49:19] 游닌 RECEIVED: Say hello to the world
[18:49:19] 游닋 RESULT: Hello! I am Dream AI. How can I assist you?
[18:49:29] 游닌 RECEIVED: Check system disk space
[18:49:29] 游닋 RESULT: Disk -> total: 179.73GB, used: 108.72GB, free: 61.82GB
[18:49:39] 游닌 RECEIVED: Check memory usage
[18:49:40] 游닋 RESULT: MemTotal:       16060684 kB
MemFree:         2906220 kB
[18:49:50] 游닌 RECEIVED: Say hello to the world
[18:49:50] 游닋 RESULT: Hello! I am Dream AI. How can I assist you?
[18:50:00] 游닌 RECEIVED: List files in current directory
[18:50:00] 游닋 RESULT: .git
.venv
brain
start.py
templates
[18:50:10] 游닌 RECEIVED: Say hello to the world
[18:50:10] 游닋 RESULT: Hello! I am Dream AI. How can I assist you?
[18:50:20] 游닌 RECEIVED: Check memory usage
[18:50:20] 游닋 RESULT: MemTotal:       16060684 kB
MemFree:         2867836 kB
[18:50:30] 游닌 RECEIVED: Check memory usage
[18:50:30] 游닋 RESULT: MemTotal:       16060684 kB
MemFree:         2905012 kB
